# JRE version: Java(TM) SE Runtime Environment (18.0.2.1+1) (build 18.0.2.1+1-1)
# Java VM: Java HotSpot(TM) 64-Bit Server VM (18.0.2.1+1-1, mixed mode, sharing, tiered, compressed oops, compressed class ptrs, g1 gc, windows-amd64)
GC Precious Log:
 CardTable entry size: 512
 Card Set container configuration: InlinePtr #cards 5 size 8 Array Of Cards #cards 12 size 40 Howl #buckets 4 coarsen threshold 1843 Howl Bitmap #cards 512 size 80 coarsen threshold 460 Card regions per heap region 1 cards per card region 2048
 CPUs: 4 total, 4 available
 Memory: 8067M
 Large Page Support: Disabled
 NUMA Support: Disabled
 Compressed Oops: Enabled (32-bit)
 Heap Region Size: 1M
 Heap Min Capacity: 8M
 Heap Initial Capacity: 128M
 Heap Max Capacity: 2018M
 Pre-touch: Disabled
 Parallel Workers: 4
 Concurrent Workers: 1
 Concurrent Refinement Workers: 4
 Periodic GC: Disabled
Heap:
 garbage-first heap   total 172032K, used 53825K [0x0000000081e00000, 0x0000000100000000)
  region size 1024K, 14 young (14336K), 11 survivors (11264K)
 Metaspace       used 51540K, committed 52288K, reserved 1114112K
  class space    used 6158K, committed 6528K, reserved 1048576K
GC Heap History (20 events):
Event: 2.687 GC heap before
{Heap before GC invocations=0 (full 0):
 garbage-first heap   total 131072K, used 16384K [0x0000000081e00000, 0x0000000100000000)
  region size 1024K, 13 young (13312K), 0 survivors (0K)
 Metaspace       used 3816K, committed 3968K, reserved 1114112K
  class space    used 303K, committed 384K, reserved 1048576K
}
Event: 2.771 GC heap after
{Heap after GC invocations=1 (full 0):
 garbage-first heap   total 131072K, used 5205K [0x0000000081e00000, 0x0000000100000000)
  region size 1024K, 2 young (2048K), 2 survivors (2048K)
 Metaspace       used 3816K, committed 3968K, reserved 1114112K
  class space    used 303K, committed 384K, reserved 1048576K
}
Event: 4.639 GC heap before
{Heap before GC invocations=1 (full 0):
 garbage-first heap   total 131072K, used 20565K [0x0000000081e00000, 0x0000000100000000)
  region size 1024K, 18 young (18432K), 2 survivors (2048K)
 Metaspace       used 7539K, committed 7680K, reserved 1114112K
  class space    used 760K, committed 832K, reserved 1048576K
}
Event: 4.649 GC heap after
{Heap after GC invocations=2 (full 0):
 garbage-first heap   total 131072K, used 6901K [0x0000000081e00000, 0x0000000100000000)
  region size 1024K, 2 young (2048K), 2 survivors (2048K)
 Metaspace       used 7539K, committed 7680K, reserved 1114112K
  class space    used 760K, committed 832K, reserved 1048576K
}
Event: 12.776 GC heap before
{Heap before GC invocations=2 (full 0):
 garbage-first heap   total 131072K, used 87797K [0x0000000081e00000, 0x0000000100000000)
  region size 1024K, 71 young (72704K), 2 survivors (2048K)
 Metaspace       used 21341K, committed 21504K, reserved 1114112K
  class space    used 2655K, committed 2752K, reserved 1048576K
}
Event: 12.801 GC heap after
{Heap after GC invocations=3 (full 0):
 garbage-first heap   total 131072K, used 23564K [0x0000000081e00000, 0x0000000100000000)
  region size 1024K, 10 young (10240K), 10 survivors (10240K)
 Metaspace       used 21341K, committed 21504K, reserved 1114112K
  class space    used 2655K, committed 2752K, reserved 1048576K
}
Event: 16.374 GC heap before
{Heap before GC invocations=4 (full 0):
 garbage-first heap   total 86016K, used 64524K [0x0000000081e00000, 0x0000000100000000)
  region size 1024K, 50 young (51200K), 10 survivors (10240K)
 Metaspace       used 29795K, committed 30080K, reserved 1114112K
  class space    used 3667K, committed 3776K, reserved 1048576K
}
Event: 16.419 GC heap after
{Heap after GC invocations=5 (full 0):
 garbage-first heap   total 86016K, used 26116K [0x0000000081e00000, 0x0000000100000000)
  region size 1024K, 5 young (5120K), 5 survivors (5120K)
 Metaspace       used 29795K, committed 30080K, reserved 1114112K
  class space    used 3667K, committed 3776K, reserved 1048576K
}
Event: 16.468 GC heap before
{Heap before GC invocations=5 (full 0):
 garbage-first heap   total 86016K, used 27140K [0x0000000081e00000, 0x0000000100000000)
  region size 1024K, 6 young (6144K), 5 survivors (5120K)
 Metaspace       used 29889K, committed 30144K, reserved 1114112K
  class space    used 3684K, committed 3776K, reserved 1048576K
}
Event: 16.483 GC heap after
{Heap after GC invocations=6 (full 0):
 garbage-first heap   total 86016K, used 27136K [0x0000000081e00000, 0x0000000100000000)
  region size 1024K, 1 young (1024K), 1 survivors (1024K)
 Metaspace       used 29889K, committed 30144K, reserved 1114112K
  class space    used 3684K, committed 3776K, reserved 1048576K
}
Event: 22.317 GC heap before
{Heap before GC invocations=6 (full 0):
 garbage-first heap   total 86016K, used 57856K [0x0000000081e00000, 0x0000000100000000)
  region size 1024K, 33 young (33792K), 1 survivors (1024K)
 Metaspace       used 35435K, committed 36096K, reserved 1114112K
  class space    used 4380K, committed 4736K, reserved 1048576K
}
Event: 22.333 GC heap after
{Heap after GC invocations=7 (full 0):
 garbage-first heap   total 86016K, used 29455K [0x0000000081e00000, 0x0000000100000000)
  region size 1024K, 4 young (4096K), 4 survivors (4096K)
 Metaspace       used 35435K, committed 36096K, reserved 1114112K
  class space    used 4380K, committed 4736K, reserved 1048576K
}
Event: 27.700 GC heap before
{Heap before GC invocations=8 (full 0):
 garbage-first heap   total 86016K, used 66319K [0x0000000081e00000, 0x0000000100000000)
  region size 1024K, 38 young (38912K), 4 survivors (4096K)
 Metaspace       used 41860K, committed 42560K, reserved 1114112K
  class space    used 5073K, committed 5440K, reserved 1048576K
}
Event: 27.736 GC heap after
{Heap after GC invocations=9 (full 0):
 garbage-first heap   total 86016K, used 36160K [0x0000000081e00000, 0x0000000100000000)
  region size 1024K, 5 young (5120K), 5 survivors (5120K)
 Metaspace       used 41860K, committed 42560K, reserved 1114112K
  class space    used 5073K, committed 5440K, reserved 1048576K
}
Event: 27.841 GC heap before
{Heap before GC invocations=9 (full 0):
 garbage-first heap   total 86016K, used 37184K [0x0000000081e00000, 0x0000000100000000)
  region size 1024K, 6 young (6144K), 5 survivors (5120K)
 Metaspace       used 41936K, committed 42624K, reserved 1114112K
  class space    used 5080K, committed 5440K, reserved 1048576K
}
Event: 27.858 GC heap after
{Heap after GC invocations=10 (full 0):
 garbage-first heap   total 86016K, used 36639K [0x0000000081e00000, 0x0000000100000000)
  region size 1024K, 1 young (1024K), 1 survivors (1024K)
 Metaspace       used 41936K, committed 42624K, reserved 1114112K
  class space    used 5080K, committed 5440K, reserved 1048576K
}
Event: 29.152 GC heap before
{Heap before GC invocations=10 (full 0):
 garbage-first heap   total 86016K, used 65311K [0x0000000081e00000, 0x0000000100000000)
  region size 1024K, 29 young (29696K), 1 survivors (1024K)
 Metaspace       used 42833K, committed 43456K, reserved 1114112K
  class space    used 5134K, committed 5440K, reserved 1048576K
}
Event: 29.169 GC heap after
{Heap after GC invocations=11 (full 0):
 garbage-first heap   total 172032K, used 38508K [0x0000000081e00000, 0x0000000100000000)
  region size 1024K, 3 young (3072K), 3 survivors (3072K)
 Metaspace       used 42833K, committed 43456K, reserved 1114112K
  class space    used 5134K, committed 5440K, reserved 1048576K
}
Event: 41.924 GC heap before
{Heap before GC invocations=11 (full 0):
 garbage-first heap   total 172032K, used 122476K [0x0000000081e00000, 0x0000000100000000)
  region size 1024K, 85 young (87040K), 3 survivors (3072K)
 Metaspace       used 51530K, committed 52288K, reserved 1114112K
  class space    used 6158K, committed 6528K, reserved 1048576K
}
Event: 41.984 GC heap after
{Heap after GC invocations=12 (full 0):
 garbage-first heap   total 172032K, used 51777K [0x0000000081e00000, 0x0000000100000000)
  region size 1024K, 11 young (11264K), 11 survivors (11264K)
 Metaspace       used 51530K, committed 52288K, reserved 1114112K
  class space    used 6158K, committed 6528K, reserved 1048576K
}

